<?xml version="1.0" encoding="UTF-8"?>
<testng-results ignored="0" total="59" passed="53" failed="6" skipped="0">
  <reporter-output>
  </reporter-output>
  <suite started-at="2025-03-19T15:50:49 IST" name="All Test Suite" finished-at="2025-03-19T16:05:12 IST" duration-ms="862107">
    <groups>
      <group name="Master">
        <method signature="TC001_LoginTest.verify_loginfromData(java.lang.String,java.lang.String,java.lang.String)[pri:0, instance:testCases.TC001_LoginTest@3c19aaa5]" name="verify_loginfromData" class="testCases.TC001_LoginTest"/>
        <method signature="TC002_CreateRequisition.verify_Login()[pri:1, instance:testCases.TC002_CreateRequisition@145f66e3]" name="verify_Login" class="testCases.TC002_CreateRequisition"/>
        <method signature="TC003_GenerateJD.verify_Login()[pri:1, instance:testCases.TC003_GenerateJD@34a3d150]" name="verify_Login" class="testCases.TC003_GenerateJD"/>
        <method signature="TC004_Keyword.verify_Login()[pri:1, instance:testCases.TC004_Keyword@4d5d943d]" name="verify_Login" class="testCases.TC004_Keyword"/>
        <method signature="TC005_HiringTeam.verify_Login()[pri:1, instance:testCases.TC005_HiringTeam@47eaca72]" name="verify_Login" class="testCases.TC005_HiringTeam"/>
        <method signature="TC006_InterviewSetup.verify_Login()[pri:1, instance:testCases.TC006_InterviewSetup@14cd1699]" name="verify_Login" class="testCases.TC006_InterviewSetup"/>
        <method signature="TC007_AddCandidate_AddManually.verify_Login()[pri:1, instance:testCases.TC007_AddCandidate_AddManually@65fb9ffc]" name="verify_Login" class="testCases.TC007_AddCandidate_AddManually"/>
        <method signature="TC008_AddCandidate_AddBulk.verify_Login()[pri:1, instance:testCases.TC008_AddCandidate_AddBulk@515c6049]" name="verify_Login" class="testCases.TC008_AddCandidate_AddBulk"/>
        <method signature="TC009_SendInviteAnd_InterviewLink.verify_Login()[pri:1, instance:testCases.TC009_SendInviteAnd_InterviewLink@30c15d8b]" name="verify_Login" class="testCases.TC009_SendInviteAnd_InterviewLink"/>
        <method signature="TC002_CreateRequisition.verify_RequisitionPage()[pri:2, instance:testCases.TC002_CreateRequisition@145f66e3]" name="verify_RequisitionPage" class="testCases.TC002_CreateRequisition"/>
        <method signature="TC003_GenerateJD.verify_RequisitionPage()[pri:2, instance:testCases.TC003_GenerateJD@34a3d150]" name="verify_RequisitionPage" class="testCases.TC003_GenerateJD"/>
        <method signature="TC004_Keyword.verify_RequisitionPage()[pri:2, instance:testCases.TC004_Keyword@4d5d943d]" name="verify_RequisitionPage" class="testCases.TC004_Keyword"/>
        <method signature="TC005_HiringTeam.verify_RequisitionPage()[pri:2, instance:testCases.TC005_HiringTeam@47eaca72]" name="verify_RequisitionPage" class="testCases.TC005_HiringTeam"/>
        <method signature="TC006_InterviewSetup.verify_RequisitionPage()[pri:2, instance:testCases.TC006_InterviewSetup@14cd1699]" name="verify_RequisitionPage" class="testCases.TC006_InterviewSetup"/>
        <method signature="TC007_AddCandidate_AddManually.verify_RequisitionPage()[pri:2, instance:testCases.TC007_AddCandidate_AddManually@65fb9ffc]" name="verify_RequisitionPage" class="testCases.TC007_AddCandidate_AddManually"/>
        <method signature="TC008_AddCandidate_AddBulk.verify_RequisitionPage()[pri:2, instance:testCases.TC008_AddCandidate_AddBulk@515c6049]" name="verify_RequisitionPage" class="testCases.TC008_AddCandidate_AddBulk"/>
        <method signature="TC009_SendInviteAnd_InterviewLink.verify_RequisitionPage()[pri:2, instance:testCases.TC009_SendInviteAnd_InterviewLink@30c15d8b]" name="verify_RequisitionPage" class="testCases.TC009_SendInviteAnd_InterviewLink"/>
        <method signature="TC002_CreateRequisition.verify_CreateRequisition()[pri:3, instance:testCases.TC002_CreateRequisition@145f66e3]" name="verify_CreateRequisition" class="testCases.TC002_CreateRequisition"/>
        <method signature="TC003_GenerateJD.verify_CreateRequisition()[pri:3, instance:testCases.TC003_GenerateJD@34a3d150]" name="verify_CreateRequisition" class="testCases.TC003_GenerateJD"/>
        <method signature="TC004_Keyword.verify_CreateRequisition()[pri:3, instance:testCases.TC004_Keyword@4d5d943d]" name="verify_CreateRequisition" class="testCases.TC004_Keyword"/>
        <method signature="TC005_HiringTeam.verify_CreateRequisition()[pri:3, instance:testCases.TC005_HiringTeam@47eaca72]" name="verify_CreateRequisition" class="testCases.TC005_HiringTeam"/>
        <method signature="TC006_InterviewSetup.verify_CreateRequisition()[pri:3, instance:testCases.TC006_InterviewSetup@14cd1699]" name="verify_CreateRequisition" class="testCases.TC006_InterviewSetup"/>
        <method signature="TC007_AddCandidate_AddManually.verify_CreateRequisition()[pri:3, instance:testCases.TC007_AddCandidate_AddManually@65fb9ffc]" name="verify_CreateRequisition" class="testCases.TC007_AddCandidate_AddManually"/>
        <method signature="TC002_CreateRequisition.verify_RequirementDetails()[pri:4, instance:testCases.TC002_CreateRequisition@145f66e3]" name="verify_RequirementDetails" class="testCases.TC002_CreateRequisition"/>
        <method signature="TC003_GenerateJD.verify_RequirementDetails()[pri:4, instance:testCases.TC003_GenerateJD@34a3d150]" name="verify_RequirementDetails" class="testCases.TC003_GenerateJD"/>
        <method signature="TC004_Keyword.verify_RequirementDetails()[pri:4, instance:testCases.TC004_Keyword@4d5d943d]" name="verify_RequirementDetails" class="testCases.TC004_Keyword"/>
        <method signature="TC005_HiringTeam.verify_RequirementDetails()[pri:4, instance:testCases.TC005_HiringTeam@47eaca72]" name="verify_RequirementDetails" class="testCases.TC005_HiringTeam"/>
        <method signature="TC006_InterviewSetup.verify_RequirementDetails()[pri:4, instance:testCases.TC006_InterviewSetup@14cd1699]" name="verify_RequirementDetails" class="testCases.TC006_InterviewSetup"/>
        <method signature="TC007_AddCandidate_AddManually.verify_RequirementDetails()[pri:4, instance:testCases.TC007_AddCandidate_AddManually@65fb9ffc]" name="verify_RequirementDetails" class="testCases.TC007_AddCandidate_AddManually"/>
      </group> <!-- Master -->
    </groups>
    <test started-at="2025-03-19T15:50:49 IST" name="test" finished-at="2025-03-19T16:05:12 IST" duration-ms="862107">
      <class name="testCases.TC001_LoginTest">
        <test-method is-config="true" signature="setup(java.lang.String,java.lang.String)[pri:0, instance:testCases.TC001_LoginTest@3c19aaa5]" started-at="2025-03-19T15:50:50 IST" name="setup" finished-at="2025-03-19T15:51:04 IST" duration-ms="13997" status="PASS">
          <params>
            <param index="0">
              <value>
                <![CDATA[Windows]]>
              </value>
            </param>
            <param index="1">
              <value>
                <![CDATA[chrome]]>
              </value>
            </param>
          </params>
          <reporter-output>
          </reporter-output>
        </test-method> <!-- setup -->
        <test-method signature="verify_loginfromData(java.lang.String,java.lang.String,java.lang.String)[pri:0, instance:testCases.TC001_LoginTest@3c19aaa5]" started-at="2025-03-19T15:51:07 IST" name="verify_loginfromData" data-provider="LoginData" finished-at="2025-03-19T15:51:22 IST" duration-ms="15196" status="PASS">
          <params>
            <param index="0">
              <value>
                <![CDATA[akilp1995@gmail.com]]>
              </value>
            </param>
            <param index="1">
              <value>
                <![CDATA[Akil@7086]]>
              </value>
            </param>
            <param index="2">
              <value>
                <![CDATA[Valid]]>
              </value>
            </param>
          </params>
          <reporter-output>
          </reporter-output>
        </test-method> <!-- verify_loginfromData -->
        <test-method signature="verify_loginfromData(java.lang.String,java.lang.String,java.lang.String)[pri:0, instance:testCases.TC001_LoginTest@3c19aaa5]" started-at="2025-03-19T15:51:22 IST" name="verify_loginfromData" data-provider="LoginData" finished-at="2025-03-19T15:51:35 IST" duration-ms="13024" status="PASS">
          <params>
            <param index="0">
              <value>
                <![CDATA[akilp@gmail.com]]>
              </value>
            </param>
            <param index="1">
              <value>
                <![CDATA[Akil@7086]]>
              </value>
            </param>
            <param index="2">
              <value>
                <![CDATA[Invalid]]>
              </value>
            </param>
          </params>
          <reporter-output>
          </reporter-output>
        </test-method> <!-- verify_loginfromData -->
        <test-method signature="verify_loginfromData(java.lang.String,java.lang.String,java.lang.String)[pri:0, instance:testCases.TC001_LoginTest@3c19aaa5]" started-at="2025-03-19T15:51:35 IST" name="verify_loginfromData" data-provider="LoginData" finished-at="2025-03-19T15:51:48 IST" duration-ms="13034" status="PASS">
          <params>
            <param index="0">
              <value>
                <![CDATA[akilp1995@gmail.com]]>
              </value>
            </param>
            <param index="1">
              <value>
                <![CDATA[]]>
              </value>
            </param>
            <param index="2">
              <value>
                <![CDATA[Invalid]]>
              </value>
            </param>
          </params>
          <reporter-output>
          </reporter-output>
        </test-method> <!-- verify_loginfromData -->
        <test-method signature="verify_loginfromData(java.lang.String,java.lang.String,java.lang.String)[pri:0, instance:testCases.TC001_LoginTest@3c19aaa5]" started-at="2025-03-19T15:51:48 IST" name="verify_loginfromData" data-provider="LoginData" finished-at="2025-03-19T15:52:01 IST" duration-ms="12989" status="PASS">
          <params>
            <param index="0">
              <value>
                <![CDATA[]]>
              </value>
            </param>
            <param index="1">
              <value>
                <![CDATA[Akil@7086]]>
              </value>
            </param>
            <param index="2">
              <value>
                <![CDATA[Invalid]]>
              </value>
            </param>
          </params>
          <reporter-output>
          </reporter-output>
        </test-method> <!-- verify_loginfromData -->
        <test-method signature="verify_loginfromData(java.lang.String,java.lang.String,java.lang.String)[pri:0, instance:testCases.TC001_LoginTest@3c19aaa5]" started-at="2025-03-19T15:52:01 IST" name="verify_loginfromData" data-provider="LoginData" finished-at="2025-03-19T15:52:07 IST" duration-ms="6205" status="PASS">
          <params>
            <param index="0">
              <value>
                <![CDATA[akilp1995@gmail.com]]>
              </value>
            </param>
            <param index="1">
              <value>
                <![CDATA[Akil@7086]]>
              </value>
            </param>
            <param index="2">
              <value>
                <![CDATA[Valid]]>
              </value>
            </param>
          </params>
          <reporter-output>
          </reporter-output>
        </test-method> <!-- verify_loginfromData -->
        <test-method signature="verify_loginfromData(java.lang.String,java.lang.String,java.lang.String)[pri:0, instance:testCases.TC001_LoginTest@3c19aaa5]" started-at="2025-03-19T15:52:07 IST" name="verify_loginfromData" data-provider="LoginData" finished-at="2025-03-19T15:52:20 IST" duration-ms="12886" status="PASS">
          <params>
            <param index="0">
              <value>
                <![CDATA[adc]]>
              </value>
            </param>
            <param index="1">
              <value>
                <![CDATA[casv]]>
              </value>
            </param>
            <param index="2">
              <value>
                <![CDATA[Invalid]]>
              </value>
            </param>
          </params>
          <reporter-output>
          </reporter-output>
        </test-method> <!-- verify_loginfromData -->
        <test-method signature="verify_loginfromData(java.lang.String,java.lang.String,java.lang.String)[pri:0, instance:testCases.TC001_LoginTest@3c19aaa5]" started-at="2025-03-19T15:52:20 IST" name="verify_loginfromData" data-provider="LoginData" finished-at="2025-03-19T15:52:33 IST" duration-ms="12860" status="PASS">
          <params>
            <param index="0">
              <value>
                <![CDATA[]]>
              </value>
            </param>
            <param index="1">
              <value>
                <![CDATA[]]>
              </value>
            </param>
            <param index="2">
              <value>
                <![CDATA[Invalid]]>
              </value>
            </param>
          </params>
          <reporter-output>
          </reporter-output>
        </test-method> <!-- verify_loginfromData -->
        <test-method signature="verify_loginfromData(java.lang.String,java.lang.String,java.lang.String)[pri:0, instance:testCases.TC001_LoginTest@3c19aaa5]" started-at="2025-03-19T15:52:33 IST" name="verify_loginfromData" data-provider="LoginData" finished-at="2025-03-19T15:52:46 IST" duration-ms="13451" status="FAIL">
          <params>
            <param index="0">
              <value>
                <![CDATA[akilp1995@gmail.com]]>
              </value>
            </param>
            <param index="1">
              <value>
                <![CDATA[Akil@7086]]>
              </value>
            </param>
            <param index="2">
              <value>
                <![CDATA[Valid]]>
              </value>
            </param>
          </params>
          <exception class="java.lang.AssertionError">
            <message>
              <![CDATA[expected [true] but found [false]]]>
            </message>
            <full-stacktrace>
              <![CDATA[java.lang.AssertionError: expected [true] but found [false]
at org.testng.Assert.fail(Assert.java:111)
at org.testng.Assert.failNotEquals(Assert.java:1578)
at org.testng.Assert.assertTrue(Assert.java:57)
at org.testng.Assert.assertTrue(Assert.java:67)
at testCases.TC001_LoginTest.verify_loginfromData(TC001_LoginTest.java:51)
at java.base/jdk.internal.reflect.NativeMethodAccessorImpl.invoke0(Native Method)
at java.base/jdk.internal.reflect.NativeMethodAccessorImpl.invoke(NativeMethodAccessorImpl.java:77)
at java.base/jdk.internal.reflect.DelegatingMethodAccessorImpl.invoke(DelegatingMethodAccessorImpl.java:43)
at java.base/java.lang.reflect.Method.invoke(Method.java:568)
at org.testng.internal.invokers.MethodInvocationHelper.invokeMethod(MethodInvocationHelper.java:141)
at org.testng.internal.invokers.TestInvoker.invokeMethod(TestInvoker.java:686)
at org.testng.internal.invokers.TestInvoker.invokeTestMethod(TestInvoker.java:230)
at org.testng.internal.invokers.MethodRunner.runInSequence(MethodRunner.java:63)
at org.testng.internal.invokers.TestInvoker$MethodInvocationAgent.invoke(TestInvoker.java:992)
at org.testng.internal.invokers.TestInvoker.invokeTestMethods(TestInvoker.java:203)
at org.testng.internal.invokers.TestMethodWorker.invokeTestMethods(TestMethodWorker.java:154)
at org.testng.internal.invokers.TestMethodWorker.run(TestMethodWorker.java:134)
at java.base/java.util.ArrayList.forEach(ArrayList.java:1511)
at org.testng.TestRunner.privateRun(TestRunner.java:739)
at org.testng.TestRunner.run(TestRunner.java:614)
at org.testng.SuiteRunner.runTest(SuiteRunner.java:421)
at org.testng.SuiteRunner.runSequentially(SuiteRunner.java:413)
at org.testng.SuiteRunner.privateRun(SuiteRunner.java:373)
at org.testng.SuiteRunner.run(SuiteRunner.java:312)
at org.testng.SuiteRunnerWorker.runSuite(SuiteRunnerWorker.java:52)
at org.testng.SuiteRunnerWorker.run(SuiteRunnerWorker.java:95)
at org.testng.TestNG.runSuitesSequentially(TestNG.java:1274)
at org.testng.TestNG.runSuitesLocally(TestNG.java:1208)
at org.testng.TestNG.runSuites(TestNG.java:1112)
at org.testng.TestNG.run(TestNG.java:1079)
at com.intellij.rt.testng.IDEARemoteTestNG.run(IDEARemoteTestNG.java:65)
at com.intellij.rt.testng.RemoteTestNGStarter.main(RemoteTestNGStarter.java:105)
]]>
            </full-stacktrace>
          </exception> <!-- java.lang.AssertionError -->
          <reporter-output>
          </reporter-output>
        </test-method> <!-- verify_loginfromData -->
      </class> <!-- testCases.TC001_LoginTest -->
      <class name="testCases.TC007_AddCandidate_AddManually">
        <test-method is-config="true" signature="setup(java.lang.String,java.lang.String)[pri:0, instance:testCases.TC007_AddCandidate_AddManually@65fb9ffc]" started-at="2025-03-19T15:59:57 IST" name="setup" finished-at="2025-03-19T16:00:21 IST" duration-ms="24163" status="PASS">
          <params>
            <param index="0">
              <value>
                <![CDATA[Windows]]>
              </value>
            </param>
            <param index="1">
              <value>
                <![CDATA[chrome]]>
              </value>
            </param>
          </params>
          <reporter-output>
          </reporter-output>
        </test-method> <!-- setup -->
        <test-method signature="verify_Login()[pri:1, instance:testCases.TC007_AddCandidate_AddManually@65fb9ffc]" started-at="2025-03-19T16:00:21 IST" name="verify_Login" finished-at="2025-03-19T16:00:22 IST" duration-ms="1187" status="PASS">
          <reporter-output>
          </reporter-output>
        </test-method> <!-- verify_Login -->
        <test-method signature="verify_RequisitionPage()[pri:2, instance:testCases.TC007_AddCandidate_AddManually@65fb9ffc]" started-at="2025-03-19T16:00:22 IST" name="verify_RequisitionPage" finished-at="2025-03-19T16:00:26 IST" duration-ms="4119" status="PASS">
          <reporter-output>
          </reporter-output>
        </test-method> <!-- verify_RequisitionPage -->
        <test-method signature="verify_CreateRequisition()[pri:3, instance:testCases.TC007_AddCandidate_AddManually@65fb9ffc]" started-at="2025-03-19T16:00:26 IST" name="verify_CreateRequisition" finished-at="2025-03-19T16:00:30 IST" duration-ms="3451" status="PASS">
          <reporter-output>
          </reporter-output>
        </test-method> <!-- verify_CreateRequisition -->
        <test-method signature="verify_RequirementDetails()[pri:4, instance:testCases.TC007_AddCandidate_AddManually@65fb9ffc]" started-at="2025-03-19T16:00:30 IST" name="verify_RequirementDetails" finished-at="2025-03-19T16:00:44 IST" duration-ms="14498" status="PASS">
          <reporter-output>
          </reporter-output>
        </test-method> <!-- verify_RequirementDetails -->
        <test-method signature="verify_Pop_UP()[pri:5, instance:testCases.TC007_AddCandidate_AddManually@65fb9ffc]" started-at="2025-03-19T16:00:44 IST" name="verify_Pop_UP" finished-at="2025-03-19T16:00:46 IST" duration-ms="1710" status="PASS">
          <reporter-output>
          </reporter-output>
        </test-method> <!-- verify_Pop_UP -->
        <test-method signature="verify_Recruitment()[pri:6, instance:testCases.TC007_AddCandidate_AddManually@65fb9ffc]" started-at="2025-03-19T16:00:46 IST" name="verify_Recruitment" finished-at="2025-03-19T16:01:13 IST" duration-ms="26585" status="PASS">
          <reporter-output>
          </reporter-output>
        </test-method> <!-- verify_Recruitment -->
        <test-method signature="verify_GenerateKeyword()[pri:7, instance:testCases.TC007_AddCandidate_AddManually@65fb9ffc]" started-at="2025-03-19T16:01:13 IST" name="verify_GenerateKeyword" finished-at="2025-03-19T16:01:25 IST" duration-ms="12470" status="PASS">
          <reporter-output>
          </reporter-output>
        </test-method> <!-- verify_GenerateKeyword -->
        <test-method signature="verify_Hiring()[pri:8, instance:testCases.TC007_AddCandidate_AddManually@65fb9ffc]" started-at="2025-03-19T16:01:25 IST" name="verify_Hiring" finished-at="2025-03-19T16:01:44 IST" duration-ms="19138" status="PASS">
          <reporter-output>
          </reporter-output>
        </test-method> <!-- verify_Hiring -->
        <test-method signature="verify_InterviewSetup()[pri:9, instance:testCases.TC007_AddCandidate_AddManually@65fb9ffc]" started-at="2025-03-19T16:01:44 IST" name="verify_InterviewSetup" finished-at="2025-03-19T16:02:23 IST" duration-ms="38634" status="PASS">
          <reporter-output>
          </reporter-output>
        </test-method> <!-- verify_InterviewSetup -->
        <test-method signature="verify_AddCandidate()[pri:10, instance:testCases.TC007_AddCandidate_AddManually@65fb9ffc]" started-at="2025-03-19T16:02:23 IST" name="verify_AddCandidate" finished-at="2025-03-19T16:02:23 IST" duration-ms="378" status="FAIL">
          <exception class="org.openqa.selenium.UnhandledAlertException">
            <message>
              <![CDATA[unexpected alert open: {Alert text : You have unsaved changes. Do you want to leave without saving?}
  (Session info: chrome=134.0.6998.89): You have unsaved changes. Do you want to leave without saving?
Build info: version: '4.29.0', revision: '5fc1ec94cb'
System info: os.name: 'Windows 10', os.arch: 'amd64', os.version: '10.0', java.version: '17.0.12'
Driver info: org.openqa.selenium.chrome.ChromeDriver
Command: [f1ae364e8e687fe6138d47871f45682c, findElement {value=//span[normalize-space()="Add Candidate"], using=xpath}]
Capabilities {acceptInsecureCerts: false, browserName: chrome, browserVersion: 134.0.6998.89, chrome: {chromedriverVersion: 134.0.6998.88 (7e3d5c978c6d..., userDataDir: C:\Users\IPSL\AppData\Local...}, fedcm:accounts: true, goog:chromeOptions: {debuggerAddress: localhost:59691}, networkConnectionEnabled: false, pageLoadStrategy: normal, platformName: windows, proxy: Proxy(), se:cdp: ws://localhost:59691/devtoo..., se:cdpVersion: 134.0.6998.89, setWindowRect: true, strictFileInteractability: false, timeouts: {implicit: 0, pageLoad: 300000, script: 30000}, unhandledPromptBehavior: dismiss and notify, webauthn:extension:credBlob: true, webauthn:extension:largeBlob: true, webauthn:extension:minPinLength: true, webauthn:extension:prf: true, webauthn:virtualAuthenticators: true}
Session ID: f1ae364e8e687fe6138d47871f45682c]]>
            </message>
            <full-stacktrace>
              <![CDATA[org.openqa.selenium.UnhandledAlertException: unexpected alert open: {Alert text : You have unsaved changes. Do you want to leave without saving?}
  (Session info: chrome=134.0.6998.89): You have unsaved changes. Do you want to leave without saving?
Build info: version: '4.29.0', revision: '5fc1ec94cb'
System info: os.name: 'Windows 10', os.arch: 'amd64', os.version: '10.0', java.version: '17.0.12'
Driver info: org.openqa.selenium.chrome.ChromeDriver
Command: [f1ae364e8e687fe6138d47871f45682c, findElement {value=//span[normalize-space()="Add Candidate"], using=xpath}]
Capabilities {acceptInsecureCerts: false, browserName: chrome, browserVersion: 134.0.6998.89, chrome: {chromedriverVersion: 134.0.6998.88 (7e3d5c978c6d..., userDataDir: C:\Users\IPSL\AppData\Local...}, fedcm:accounts: true, goog:chromeOptions: {debuggerAddress: localhost:59691}, networkConnectionEnabled: false, pageLoadStrategy: normal, platformName: windows, proxy: Proxy(), se:cdp: ws://localhost:59691/devtoo..., se:cdpVersion: 134.0.6998.89, setWindowRect: true, strictFileInteractability: false, timeouts: {implicit: 0, pageLoad: 300000, script: 30000}, unhandledPromptBehavior: dismiss and notify, webauthn:extension:credBlob: true, webauthn:extension:largeBlob: true, webauthn:extension:minPinLength: true, webauthn:extension:prf: true, webauthn:virtualAuthenticators: true}
Session ID: f1ae364e8e687fe6138d47871f45682c
at org.openqa.selenium.remote.codec.w3c.W3CHttpResponseCodec.decode(W3CHttpResponseCodec.java:136)
at org.openqa.selenium.remote.codec.w3c.W3CHttpResponseCodec.decode(W3CHttpResponseCodec.java:50)
at org.openqa.selenium.remote.HttpCommandExecutor.execute(HttpCommandExecutor.java:215)
at org.openqa.selenium.remote.service.DriverCommandExecutor.invokeExecute(DriverCommandExecutor.java:216)
at org.openqa.selenium.remote.service.DriverCommandExecutor.execute(DriverCommandExecutor.java:174)
at org.openqa.selenium.remote.RemoteWebDriver.execute(RemoteWebDriver.java:545)
at org.openqa.selenium.remote.ElementLocation$ElementFinder$2.findElement(ElementLocation.java:165)
at org.openqa.selenium.remote.ElementLocation.findElement(ElementLocation.java:59)
at org.openqa.selenium.remote.RemoteWebDriver.findElement(RemoteWebDriver.java:368)
at org.openqa.selenium.remote.RemoteWebDriver.findElement(RemoteWebDriver.java:362)
at org.openqa.selenium.support.pagefactory.DefaultElementLocator.findElement(DefaultElementLocator.java:68)
at org.openqa.selenium.support.pagefactory.internal.LocatingElementHandler.invoke(LocatingElementHandler.java:38)
at jdk.proxy2/jdk.proxy2.$Proxy29.click(Unknown Source)
at pageObject.Requirement_CandidatesPage.clkAdd_Candidate(Requirement_CandidatesPage.java:134)
at testCases.TC007_AddCandidate_AddManually.verify_AddCandidate(TC007_AddCandidate_AddManually.java:167)
at java.base/jdk.internal.reflect.NativeMethodAccessorImpl.invoke0(Native Method)
at java.base/jdk.internal.reflect.NativeMethodAccessorImpl.invoke(NativeMethodAccessorImpl.java:77)
at java.base/jdk.internal.reflect.DelegatingMethodAccessorImpl.invoke(DelegatingMethodAccessorImpl.java:43)
at java.base/java.lang.reflect.Method.invoke(Method.java:568)
at org.testng.internal.invokers.MethodInvocationHelper.invokeMethod(MethodInvocationHelper.java:141)
at org.testng.internal.invokers.TestInvoker.invokeMethod(TestInvoker.java:686)
at org.testng.internal.invokers.TestInvoker.invokeTestMethod(TestInvoker.java:230)
at org.testng.internal.invokers.MethodRunner.runInSequence(MethodRunner.java:63)
at org.testng.internal.invokers.TestInvoker$MethodInvocationAgent.invoke(TestInvoker.java:992)
at org.testng.internal.invokers.TestInvoker.invokeTestMethods(TestInvoker.java:203)
at org.testng.internal.invokers.TestMethodWorker.invokeTestMethods(TestMethodWorker.java:154)
at org.testng.internal.invokers.TestMethodWorker.run(TestMethodWorker.java:134)
at java.base/java.util.ArrayList.forEach(ArrayList.java:1511)
at org.testng.TestRunner.privateRun(TestRunner.java:739)
at org.testng.TestRunner.run(TestRunner.java:614)
at org.testng.SuiteRunner.runTest(SuiteRunner.java:421)
at org.testng.SuiteRunner.runSequentially(SuiteRunner.java:413)
at org.testng.SuiteRunner.privateRun(SuiteRunner.java:373)
at org.testng.SuiteRunner.run(SuiteRunner.java:312)
at org.testng.SuiteRunnerWorker.runSuite(SuiteRunnerWorker.java:52)
at org.testng.SuiteRunnerWorker.run(SuiteRunnerWorker.java:95)
at org.testng.TestNG.runSuitesSequentially(TestNG.java:1274)
at org.testng.TestNG.runSuitesLocally(TestNG.java:1208)
at org.testng.TestNG.runSuites(TestNG.java:1112)
at org.testng.TestNG.run(TestNG.java:1079)
at com.intellij.rt.testng.IDEARemoteTestNG.run(IDEARemoteTestNG.java:65)
at com.intellij.rt.testng.RemoteTestNGStarter.main(RemoteTestNGStarter.java:105)
]]>
            </full-stacktrace>
          </exception> <!-- org.openqa.selenium.UnhandledAlertException -->
          <reporter-output>
          </reporter-output>
        </test-method> <!-- verify_AddCandidate -->
      </class> <!-- testCases.TC007_AddCandidate_AddManually -->
      <class name="testCases.TC004_Keyword">
        <test-method is-config="true" signature="setup(java.lang.String,java.lang.String)[pri:0, instance:testCases.TC004_Keyword@4d5d943d]" started-at="2025-03-19T15:54:40 IST" name="setup" finished-at="2025-03-19T15:55:20 IST" duration-ms="39239" status="PASS">
          <params>
            <param index="0">
              <value>
                <![CDATA[Windows]]>
              </value>
            </param>
            <param index="1">
              <value>
                <![CDATA[chrome]]>
              </value>
            </param>
          </params>
          <reporter-output>
          </reporter-output>
        </test-method> <!-- setup -->
        <test-method signature="verify_Login()[pri:1, instance:testCases.TC004_Keyword@4d5d943d]" started-at="2025-03-19T15:55:20 IST" name="verify_Login" finished-at="2025-03-19T15:55:21 IST" duration-ms="984" status="PASS">
          <reporter-output>
          </reporter-output>
        </test-method> <!-- verify_Login -->
        <test-method signature="verify_RequisitionPage()[pri:2, instance:testCases.TC004_Keyword@4d5d943d]" started-at="2025-03-19T15:55:21 IST" name="verify_RequisitionPage" finished-at="2025-03-19T15:55:26 IST" duration-ms="5750" status="PASS">
          <reporter-output>
          </reporter-output>
        </test-method> <!-- verify_RequisitionPage -->
        <test-method signature="verify_CreateRequisition()[pri:3, instance:testCases.TC004_Keyword@4d5d943d]" started-at="2025-03-19T15:55:26 IST" name="verify_CreateRequisition" finished-at="2025-03-19T15:55:30 IST" duration-ms="3181" status="PASS">
          <reporter-output>
          </reporter-output>
        </test-method> <!-- verify_CreateRequisition -->
        <test-method signature="verify_RequirementDetails()[pri:4, instance:testCases.TC004_Keyword@4d5d943d]" started-at="2025-03-19T15:55:30 IST" name="verify_RequirementDetails" finished-at="2025-03-19T15:55:44 IST" duration-ms="14664" status="PASS">
          <reporter-output>
          </reporter-output>
        </test-method> <!-- verify_RequirementDetails -->
        <test-method signature="verify_Pop_UP()[pri:5, instance:testCases.TC004_Keyword@4d5d943d]" started-at="2025-03-19T15:55:44 IST" name="verify_Pop_UP" finished-at="2025-03-19T15:55:46 IST" duration-ms="1538" status="PASS">
          <reporter-output>
          </reporter-output>
        </test-method> <!-- verify_Pop_UP -->
        <test-method signature="verify_Recruitment()[pri:6, instance:testCases.TC004_Keyword@4d5d943d]" started-at="2025-03-19T15:55:46 IST" name="verify_Recruitment" finished-at="2025-03-19T15:56:08 IST" duration-ms="22505" status="PASS">
          <reporter-output>
          </reporter-output>
        </test-method> <!-- verify_Recruitment -->
        <test-method signature="verify_GenerateKeyword()[pri:7, instance:testCases.TC004_Keyword@4d5d943d]" started-at="2025-03-19T15:56:08 IST" name="verify_GenerateKeyword" finished-at="2025-03-19T15:56:17 IST" duration-ms="8670" status="PASS">
          <reporter-output>
          </reporter-output>
        </test-method> <!-- verify_GenerateKeyword -->
      </class> <!-- testCases.TC004_Keyword -->
      <class name="testCases.TC006_InterviewSetup">
        <test-method is-config="true" signature="setup(java.lang.String,java.lang.String)[pri:0, instance:testCases.TC006_InterviewSetup@14cd1699]" started-at="2025-03-19T15:57:53 IST" name="setup" finished-at="2025-03-19T15:58:11 IST" duration-ms="17845" status="PASS">
          <params>
            <param index="0">
              <value>
                <![CDATA[Windows]]>
              </value>
            </param>
            <param index="1">
              <value>
                <![CDATA[chrome]]>
              </value>
            </param>
          </params>
          <reporter-output>
          </reporter-output>
        </test-method> <!-- setup -->
        <test-method signature="verify_Login()[pri:1, instance:testCases.TC006_InterviewSetup@14cd1699]" started-at="2025-03-19T15:58:11 IST" name="verify_Login" finished-at="2025-03-19T15:58:12 IST" duration-ms="1327" status="PASS">
          <reporter-output>
          </reporter-output>
        </test-method> <!-- verify_Login -->
        <test-method signature="verify_RequisitionPage()[pri:2, instance:testCases.TC006_InterviewSetup@14cd1699]" started-at="2025-03-19T15:58:12 IST" name="verify_RequisitionPage" finished-at="2025-03-19T15:58:21 IST" duration-ms="9043" status="PASS">
          <reporter-output>
          </reporter-output>
        </test-method> <!-- verify_RequisitionPage -->
        <test-method signature="verify_CreateRequisition()[pri:3, instance:testCases.TC006_InterviewSetup@14cd1699]" started-at="2025-03-19T15:58:21 IST" name="verify_CreateRequisition" finished-at="2025-03-19T15:58:24 IST" duration-ms="3118" status="PASS">
          <reporter-output>
          </reporter-output>
        </test-method> <!-- verify_CreateRequisition -->
        <test-method signature="verify_RequirementDetails()[pri:4, instance:testCases.TC006_InterviewSetup@14cd1699]" started-at="2025-03-19T15:58:24 IST" name="verify_RequirementDetails" finished-at="2025-03-19T15:58:39 IST" duration-ms="14396" status="PASS">
          <reporter-output>
          </reporter-output>
        </test-method> <!-- verify_RequirementDetails -->
        <test-method signature="verify_Pop_UP()[pri:5, instance:testCases.TC006_InterviewSetup@14cd1699]" started-at="2025-03-19T15:58:39 IST" name="verify_Pop_UP" finished-at="2025-03-19T15:58:40 IST" duration-ms="1533" status="PASS">
          <reporter-output>
          </reporter-output>
        </test-method> <!-- verify_Pop_UP -->
        <test-method signature="verify_Recruitment()[pri:6, instance:testCases.TC006_InterviewSetup@14cd1699]" started-at="2025-03-19T15:58:40 IST" name="verify_Recruitment" finished-at="2025-03-19T15:58:59 IST" duration-ms="18449" status="FAIL">
          <exception class="org.openqa.selenium.NoSuchElementException">
            <message>
              <![CDATA[no such element: Unable to locate element: {"method":"xpath","selector":"(//input[@placeholder='Select from below suggestions or enter your own response here'])[1]"}
  (Session info: chrome=134.0.6998.89)
For documentation on this error, please visit: https://www.selenium.dev/documentation/webdriver/troubleshooting/errors#no-such-element-exception
Build info: version: '4.29.0', revision: '5fc1ec94cb'
System info: os.name: 'Windows 10', os.arch: 'amd64', os.version: '10.0', java.version: '17.0.12'
Driver info: org.openqa.selenium.chrome.ChromeDriver
Command: [996b6f8319f17e3a44007d5dab76e552, findElement {value=(//input[@placeholder='Select from below suggestions or enter your own response here'])[1], using=xpath}]
Capabilities {acceptInsecureCerts: false, browserName: chrome, browserVersion: 134.0.6998.89, chrome: {chromedriverVersion: 134.0.6998.88 (7e3d5c978c6d..., userDataDir: C:\Users\IPSL\AppData\Local...}, fedcm:accounts: true, goog:chromeOptions: {debuggerAddress: localhost:59545}, networkConnectionEnabled: false, pageLoadStrategy: normal, platformName: windows, proxy: Proxy(), se:cdp: ws://localhost:59545/devtoo..., se:cdpVersion: 134.0.6998.89, setWindowRect: true, strictFileInteractability: false, timeouts: {implicit: 0, pageLoad: 300000, script: 30000}, unhandledPromptBehavior: dismiss and notify, webauthn:extension:credBlob: true, webauthn:extension:largeBlob: true, webauthn:extension:minPinLength: true, webauthn:extension:prf: true, webauthn:virtualAuthenticators: true}
Session ID: 996b6f8319f17e3a44007d5dab76e552]]>
            </message>
            <full-stacktrace>
              <![CDATA[org.openqa.selenium.NoSuchElementException: no such element: Unable to locate element: {"method":"xpath","selector":"(//input[@placeholder='Select from below suggestions or enter your own response here'])[1]"}
  (Session info: chrome=134.0.6998.89)
For documentation on this error, please visit: https://www.selenium.dev/documentation/webdriver/troubleshooting/errors#no-such-element-exception
Build info: version: '4.29.0', revision: '5fc1ec94cb'
System info: os.name: 'Windows 10', os.arch: 'amd64', os.version: '10.0', java.version: '17.0.12'
Driver info: org.openqa.selenium.chrome.ChromeDriver
Command: [996b6f8319f17e3a44007d5dab76e552, findElement {value=(//input[@placeholder='Select from below suggestions or enter your own response here'])[1], using=xpath}]
Capabilities {acceptInsecureCerts: false, browserName: chrome, browserVersion: 134.0.6998.89, chrome: {chromedriverVersion: 134.0.6998.88 (7e3d5c978c6d..., userDataDir: C:\Users\IPSL\AppData\Local...}, fedcm:accounts: true, goog:chromeOptions: {debuggerAddress: localhost:59545}, networkConnectionEnabled: false, pageLoadStrategy: normal, platformName: windows, proxy: Proxy(), se:cdp: ws://localhost:59545/devtoo..., se:cdpVersion: 134.0.6998.89, setWindowRect: true, strictFileInteractability: false, timeouts: {implicit: 0, pageLoad: 300000, script: 30000}, unhandledPromptBehavior: dismiss and notify, webauthn:extension:credBlob: true, webauthn:extension:largeBlob: true, webauthn:extension:minPinLength: true, webauthn:extension:prf: true, webauthn:virtualAuthenticators: true}
Session ID: 996b6f8319f17e3a44007d5dab76e552
at java.base/jdk.internal.reflect.NativeConstructorAccessorImpl.newInstance0(Native Method)
at java.base/jdk.internal.reflect.NativeConstructorAccessorImpl.newInstance(NativeConstructorAccessorImpl.java:77)
at java.base/jdk.internal.reflect.DelegatingConstructorAccessorImpl.newInstance(DelegatingConstructorAccessorImpl.java:45)
at java.base/java.lang.reflect.Constructor.newInstanceWithCaller(Constructor.java:499)
at java.base/java.lang.reflect.Constructor.newInstance(Constructor.java:480)
at org.openqa.selenium.remote.ErrorCodec.decode(ErrorCodec.java:167)
at org.openqa.selenium.remote.codec.w3c.W3CHttpResponseCodec.decode(W3CHttpResponseCodec.java:138)
at org.openqa.selenium.remote.codec.w3c.W3CHttpResponseCodec.decode(W3CHttpResponseCodec.java:50)
at org.openqa.selenium.remote.HttpCommandExecutor.execute(HttpCommandExecutor.java:215)
at org.openqa.selenium.remote.service.DriverCommandExecutor.invokeExecute(DriverCommandExecutor.java:216)
at org.openqa.selenium.remote.service.DriverCommandExecutor.execute(DriverCommandExecutor.java:174)
at org.openqa.selenium.remote.RemoteWebDriver.execute(RemoteWebDriver.java:545)
at org.openqa.selenium.remote.ElementLocation$ElementFinder$2.findElement(ElementLocation.java:165)
at org.openqa.selenium.remote.ElementLocation.findElement(ElementLocation.java:59)
at org.openqa.selenium.remote.RemoteWebDriver.findElement(RemoteWebDriver.java:368)
at org.openqa.selenium.remote.RemoteWebDriver.findElement(RemoteWebDriver.java:362)
at org.openqa.selenium.support.pagefactory.DefaultElementLocator.findElement(DefaultElementLocator.java:68)
at org.openqa.selenium.support.pagefactory.internal.LocatingElementHandler.invoke(LocatingElementHandler.java:38)
at jdk.proxy2/jdk.proxy2.$Proxy29.click(Unknown Source)
at pageObject.Requirement_JobDescriptionPage.selectSuggestion_Inputbox(Requirement_JobDescriptionPage.java:59)
at testCases.TC006_InterviewSetup.verify_Recruitment(TC006_InterviewSetup.java:112)
at java.base/jdk.internal.reflect.NativeMethodAccessorImpl.invoke0(Native Method)
at java.base/jdk.internal.reflect.NativeMethodAccessorImpl.invoke(NativeMethodAccessorImpl.java:77)
at java.base/jdk.internal.reflect.DelegatingMethodAccessorImpl.invoke(DelegatingMethodAccessorImpl.java:43)
at java.base/java.lang.reflect.Method.invoke(Method.java:568)
at org.testng.internal.invokers.MethodInvocationHelper.invokeMethod(MethodInvocationHelper.java:141)
at org.testng.internal.invokers.TestInvoker.invokeMethod(TestInvoker.java:686)
at org.testng.internal.invokers.TestInvoker.invokeTestMethod(TestInvoker.java:230)
at org.testng.internal.invokers.MethodRunner.runInSequence(MethodRunner.java:63)
at org.testng.internal.invokers.TestInvoker$MethodInvocationAgent.invoke(TestInvoker.java:992)
at org.testng.internal.invokers.TestInvoker.invokeTestMethods(TestInvoker.java:203)
at org.testng.internal.invokers.TestMethodWorker.invokeTestMethods(TestMethodWorker.java:154)
at org.testng.internal.invokers.TestMethodWorker.run(TestMethodWorker.java:134)
at java.base/java.util.ArrayList.forEach(ArrayList.java:1511)
at org.testng.TestRunner.privateRun(TestRunner.java:739)
at org.testng.TestRunner.run(TestRunner.java:614)
at org.testng.SuiteRunner.runTest(SuiteRunner.java:421)
at org.testng.SuiteRunner.runSequentially(SuiteRunner.java:413)
at org.testng.SuiteRunner.privateRun(SuiteRunner.java:373)
at org.testng.SuiteRunner.run(SuiteRunner.java:312)
at org.testng.SuiteRunnerWorker.runSuite(SuiteRunnerWorker.java:52)
at org.testng.SuiteRunnerWorker.run(SuiteRunnerWorker.java:95)
at org.testng.TestNG.runSuitesSequentially(TestNG.java:1274)
at org.testng.TestNG.runSuitesLocally(TestNG.java:1208)
at org.testng.TestNG.runSuites(TestNG.java:1112)
at org.testng.TestNG.run(TestNG.java:1079)
at com.intellij.rt.testng.IDEARemoteTestNG.run(IDEARemoteTestNG.java:65)
at com.intellij.rt.testng.RemoteTestNGStarter.main(RemoteTestNGStarter.java:105)
]]>
            </full-stacktrace>
          </exception> <!-- org.openqa.selenium.NoSuchElementException -->
          <reporter-output>
          </reporter-output>
        </test-method> <!-- verify_Recruitment -->
        <test-method signature="verify_GenerateKeyword()[pri:7, instance:testCases.TC006_InterviewSetup@14cd1699]" started-at="2025-03-19T15:58:59 IST" name="verify_GenerateKeyword" finished-at="2025-03-19T15:59:39 IST" duration-ms="40110" status="FAIL">
          <exception class="org.openqa.selenium.json.JsonException">
            <message>
              <![CDATA[java.lang.reflect.InvocationTargetException
Build info: version: '4.29.0', revision: '5fc1ec94cb'
System info: os.name: 'Windows 10', os.arch: 'amd64', os.version: '10.0', java.version: '17.0.12'
Driver info: org.openqa.selenium.chrome.ChromeDriver
Command: [996b6f8319f17e3a44007d5dab76e552, actions {actions=[org.openqa.selenium.interactions.Sequence@6b8f1c62]}]
Capabilities {acceptInsecureCerts: false, browserName: chrome, browserVersion: 134.0.6998.89, chrome: {chromedriverVersion: 134.0.6998.88 (7e3d5c978c6d..., userDataDir: C:\Users\IPSL\AppData\Local...}, fedcm:accounts: true, goog:chromeOptions: {debuggerAddress: localhost:59545}, networkConnectionEnabled: false, pageLoadStrategy: normal, platformName: windows, proxy: Proxy(), se:cdp: ws://localhost:59545/devtoo..., se:cdpVersion: 134.0.6998.89, setWindowRect: true, strictFileInteractability: false, timeouts: {implicit: 0, pageLoad: 300000, script: 30000}, unhandledPromptBehavior: dismiss and notify, webauthn:extension:credBlob: true, webauthn:extension:largeBlob: true, webauthn:extension:minPinLength: true, webauthn:extension:prf: true, webauthn:virtualAuthenticators: true}
Session ID: 996b6f8319f17e3a44007d5dab76e552]]>
            </message>
            <full-stacktrace>
              <![CDATA[org.openqa.selenium.json.JsonException: java.lang.reflect.InvocationTargetException
Build info: version: '4.29.0', revision: '5fc1ec94cb'
System info: os.name: 'Windows 10', os.arch: 'amd64', os.version: '10.0', java.version: '17.0.12'
Driver info: org.openqa.selenium.chrome.ChromeDriver
Command: [996b6f8319f17e3a44007d5dab76e552, actions {actions=[org.openqa.selenium.interactions.Sequence@6b8f1c62]}]
Capabilities {acceptInsecureCerts: false, browserName: chrome, browserVersion: 134.0.6998.89, chrome: {chromedriverVersion: 134.0.6998.88 (7e3d5c978c6d..., userDataDir: C:\Users\IPSL\AppData\Local...}, fedcm:accounts: true, goog:chromeOptions: {debuggerAddress: localhost:59545}, networkConnectionEnabled: false, pageLoadStrategy: normal, platformName: windows, proxy: Proxy(), se:cdp: ws://localhost:59545/devtoo..., se:cdpVersion: 134.0.6998.89, setWindowRect: true, strictFileInteractability: false, timeouts: {implicit: 0, pageLoad: 300000, script: 30000}, unhandledPromptBehavior: dismiss and notify, webauthn:extension:credBlob: true, webauthn:extension:largeBlob: true, webauthn:extension:minPinLength: true, webauthn:extension:prf: true, webauthn:virtualAuthenticators: true}
Session ID: 996b6f8319f17e3a44007d5dab76e552
at org.openqa.selenium.json.JsonOutput.convertUsingMethod(JsonOutput.java:520)
at org.openqa.selenium.json.JsonOutput.lambda$new$16(JsonOutput.java:182)
at org.openqa.selenium.json.JsonOutput.write0(JsonOutput.java:409)
at org.openqa.selenium.json.JsonOutput.lambda$new$22(JsonOutput.java:204)
at java.base/java.util.stream.ForEachOps$ForEachOp$OfRef.accept(ForEachOps.java:183)
at java.base/java.util.stream.ReferencePipeline$2$1.accept(ReferencePipeline.java:179)
at java.base/java.util.Iterator.forEachRemaining(Iterator.java:133)
at java.base/java.util.Spliterators$IteratorSpliterator.forEachRemaining(Spliterators.java:1845)
at java.base/java.util.stream.AbstractPipeline.copyInto(AbstractPipeline.java:509)
at java.base/java.util.stream.AbstractPipeline.wrapAndCopyInto(AbstractPipeline.java:499)
at java.base/java.util.stream.ForEachOps$ForEachOp.evaluateSequential(ForEachOps.java:150)
at java.base/java.util.stream.ForEachOps$ForEachOp$OfRef.evaluateSequential(ForEachOps.java:173)
at java.base/java.util.stream.AbstractPipeline.evaluate(AbstractPipeline.java:234)
at java.base/java.util.stream.ReferencePipeline.forEach(ReferencePipeline.java:596)
at org.openqa.selenium.json.JsonOutput.lambda$new$23(JsonOutput.java:204)
at org.openqa.selenium.json.JsonOutput.write0(JsonOutput.java:409)
at org.openqa.selenium.json.JsonOutput.lambda$new$24(JsonOutput.java:222)
at java.base/java.util.Map.forEach(Map.java:713)
at org.openqa.selenium.json.JsonOutput.lambda$new$25(JsonOutput.java:217)
at org.openqa.selenium.json.JsonOutput.write0(JsonOutput.java:409)
at org.openqa.selenium.json.JsonOutput.write(JsonOutput.java:400)
at org.openqa.selenium.json.Json.toJson(Json.java:133)
at org.openqa.selenium.json.Json.toJson(Json.java:119)
at org.openqa.selenium.remote.codec.AbstractHttpCommandCodec.encode(AbstractHttpCommandCodec.java:236)
at org.openqa.selenium.remote.codec.AbstractHttpCommandCodec.encode(AbstractHttpCommandCodec.java:109)
at org.openqa.selenium.remote.HttpCommandExecutor.execute(HttpCommandExecutor.java:203)
at org.openqa.selenium.remote.service.DriverCommandExecutor.invokeExecute(DriverCommandExecutor.java:216)
at org.openqa.selenium.remote.service.DriverCommandExecutor.execute(DriverCommandExecutor.java:174)
at org.openqa.selenium.remote.RemoteWebDriver.execute(RemoteWebDriver.java:545)
at org.openqa.selenium.remote.RemoteWebDriver.perform(RemoteWebDriver.java:631)
at org.openqa.selenium.interactions.Actions$BuiltAction.perform(Actions.java:616)
at org.openqa.selenium.interactions.Actions.perform(Actions.java:581)
at pageObject.Requirement_JobDescriptionPage.selectGenerate_Keyword(Requirement_JobDescriptionPage.java:85)
at testCases.TC006_InterviewSetup.verify_GenerateKeyword(TC006_InterviewSetup.java:127)
at java.base/jdk.internal.reflect.NativeMethodAccessorImpl.invoke0(Native Method)
at java.base/jdk.internal.reflect.NativeMethodAccessorImpl.invoke(NativeMethodAccessorImpl.java:77)
at java.base/jdk.internal.reflect.DelegatingMethodAccessorImpl.invoke(DelegatingMethodAccessorImpl.java:43)
at java.base/java.lang.reflect.Method.invoke(Method.java:568)
at org.testng.internal.invokers.MethodInvocationHelper.invokeMethod(MethodInvocationHelper.java:141)
at org.testng.internal.invokers.TestInvoker.invokeMethod(TestInvoker.java:686)
at org.testng.internal.invokers.TestInvoker.invokeTestMethod(TestInvoker.java:230)
at org.testng.internal.invokers.MethodRunner.runInSequence(MethodRunner.java:63)
at org.testng.internal.invokers.TestInvoker$MethodInvocationAgent.invoke(TestInvoker.java:992)
at org.testng.internal.invokers.TestInvoker.invokeTestMethods(TestInvoker.java:203)
at org.testng.internal.invokers.TestMethodWorker.invokeTestMethods(TestMethodWorker.java:154)
at org.testng.internal.invokers.TestMethodWorker.run(TestMethodWorker.java:134)
at java.base/java.util.ArrayList.forEach(ArrayList.java:1511)
at org.testng.TestRunner.privateRun(TestRunner.java:739)
at org.testng.TestRunner.run(TestRunner.java:614)
at org.testng.SuiteRunner.runTest(SuiteRunner.java:421)
at org.testng.SuiteRunner.runSequentially(SuiteRunner.java:413)
at org.testng.SuiteRunner.privateRun(SuiteRunner.java:373)
at org.testng.SuiteRunner.run(SuiteRunner.java:312)
at org.testng.SuiteRunnerWorker.runSuite(SuiteRunnerWorker.java:52)
at org.testng.SuiteRunnerWorker.run(SuiteRunnerWorker.java:95)
at org.testng.TestNG.runSuitesSequentially(TestNG.java:1274)
at org.testng.TestNG.runSuitesLocally(TestNG.java:1208)
at org.testng.TestNG.runSuites(TestNG.java:1112)
at org.testng.TestNG.run(TestNG.java:1079)
at com.intellij.rt.testng.IDEARemoteTestNG.run(IDEARemoteTestNG.java:65)
at com.intellij.rt.testng.RemoteTestNGStarter.main(RemoteTestNGStarter.java:105)
Suppressed: org.openqa.selenium.json.JsonException: Attempting to close incomplete json stream
Build info: version: '4.29.0', revision: '5fc1ec94cb'
System info: os.name: 'Windows 10', os.arch: 'amd64', os.version: '10.0', java.version: '17.0.12'
Driver info: driver.version: RemoteWebDriver
at org.openqa.selenium.json.JsonOutput.close(JsonOutput.java:431)
at org.openqa.selenium.json.Json.toJson(Json.java:131)
... 39 more
Caused by: java.lang.reflect.InvocationTargetException
at java.base/jdk.internal.reflect.NativeMethodAccessorImpl.invoke0(Native Method)
at java.base/jdk.internal.reflect.NativeMethodAccessorImpl.invoke(NativeMethodAccessorImpl.java:77)
at java.base/jdk.internal.reflect.DelegatingMethodAccessorImpl.invoke(DelegatingMethodAccessorImpl.java:43)
at java.base/java.lang.reflect.Method.invoke(Method.java:568)
at org.openqa.selenium.json.JsonOutput.convertUsingMethod(JsonOutput.java:516)
... 60 more
Caused by: org.openqa.selenium.NoSuchElementException: no such element: Unable to locate element: {"method":"xpath","selector":"//div[normalize-space()="Generate Keywords"]"}
  (Session info: chrome=134.0.6998.89)
For documentation on this error, please visit: https://www.selenium.dev/documentation/webdriver/troubleshooting/errors#no-such-element-exception
Build info: version: '4.29.0', revision: '5fc1ec94cb'
System info: os.name: 'Windows 10', os.arch: 'amd64', os.version: '10.0', java.version: '17.0.12'
Driver info: org.openqa.selenium.chrome.ChromeDriver
Command: [996b6f8319f17e3a44007d5dab76e552, findElement {value=//div[normalize-space()="Generate Keywords"], using=xpath}]
Capabilities {acceptInsecureCerts: false, browserName: chrome, browserVersion: 134.0.6998.89, chrome: {chromedriverVersion: 134.0.6998.88 (7e3d5c978c6d..., userDataDir: C:\Users\IPSL\AppData\Local...}, fedcm:accounts: true, goog:chromeOptions: {debuggerAddress: localhost:59545}, networkConnectionEnabled: false, pageLoadStrategy: normal, platformName: windows, proxy: Proxy(), se:cdp: ws://localhost:59545/devtoo..., se:cdpVersion: 134.0.6998.89, setWindowRect: true, strictFileInteractability: false, timeouts: {implicit: 0, pageLoad: 300000, script: 30000}, unhandledPromptBehavior: dismiss and notify, webauthn:extension:credBlob: true, webauthn:extension:largeBlob: true, webauthn:extension:minPinLength: true, webauthn:extension:prf: true, webauthn:virtualAuthenticators: true}
Session ID: 996b6f8319f17e3a44007d5dab76e552
at java.base/jdk.internal.reflect.NativeConstructorAccessorImpl.newInstance0(Native Method)
at java.base/jdk.internal.reflect.NativeConstructorAccessorImpl.newInstance(NativeConstructorAccessorImpl.java:77)
at java.base/jdk.internal.reflect.DelegatingConstructorAccessorImpl.newInstance(DelegatingConstructorAccessorImpl.java:45)
at java.base/java.lang.reflect.Constructor.newInstanceWithCaller(Constructor.java:499)
at java.base/java.lang.reflect.Constructor.newInstance(Constructor.java:480)
at org.openqa.selenium.remote.ErrorCodec.decode(ErrorCodec.java:167)
at org.openqa.selenium.remote.codec.w3c.W3CHttpResponseCodec.decode(W3CHttpResponseCodec.java:138)
at org.openqa.selenium.remote.codec.w3c.W3CHttpResponseCodec.decode(W3CHttpResponseCodec.java:50)
at org.openqa.selenium.remote.HttpCommandExecutor.execute(HttpCommandExecutor.java:215)
at org.openqa.selenium.remote.service.DriverCommandExecutor.invokeExecute(DriverCommandExecutor.java:216)
at org.openqa.selenium.remote.service.DriverCommandExecutor.execute(DriverCommandExecutor.java:174)
at org.openqa.selenium.remote.RemoteWebDriver.execute(RemoteWebDriver.java:545)
at org.openqa.selenium.remote.ElementLocation$ElementFinder$2.findElement(ElementLocation.java:165)
at org.openqa.selenium.remote.ElementLocation.findElement(ElementLocation.java:59)
at org.openqa.selenium.remote.RemoteWebDriver.findElement(RemoteWebDriver.java:368)
at org.openqa.selenium.remote.RemoteWebDriver.findElement(RemoteWebDriver.java:362)
at org.openqa.selenium.support.pagefactory.DefaultElementLocator.findElement(DefaultElementLocator.java:68)
at org.openqa.selenium.support.pagefactory.internal.LocatingElementHandler.invoke(LocatingElementHandler.java:38)
at jdk.proxy2/jdk.proxy2.$Proxy29.getWrappedElement(Unknown Source)
at org.openqa.selenium.interactions.PointerInput$Origin.asArg(PointerInput.java:262)
at org.openqa.selenium.interactions.PointerInput$Move.encode(PointerInput.java:211)
at org.openqa.selenium.interactions.Sequence.encode(Sequence.java:74)
at org.openqa.selenium.interactions.Sequence.toJson(Sequence.java:83)
... 65 more
]]>
            </full-stacktrace>
          </exception> <!-- org.openqa.selenium.json.JsonException -->
          <reporter-output>
          </reporter-output>
        </test-method> <!-- verify_GenerateKeyword -->
        <test-method signature="verify_Hiring()[pri:8, instance:testCases.TC006_InterviewSetup@14cd1699]" started-at="2025-03-19T15:59:39 IST" name="verify_Hiring" finished-at="2025-03-19T15:59:56 IST" duration-ms="16149" status="PASS">
          <reporter-output>
          </reporter-output>
        </test-method> <!-- verify_Hiring -->
        <test-method signature="verify_InterviewSetup()[pri:9, instance:testCases.TC006_InterviewSetup@14cd1699]" started-at="2025-03-19T15:59:56 IST" name="verify_InterviewSetup" finished-at="2025-03-19T15:59:57 IST" duration-ms="1264" status="FAIL">
          <exception class="org.openqa.selenium.ElementClickInterceptedException">
            <message>
              <![CDATA[element click intercepted: Element <div style="font-size: 18px; line-height: 24px; font-style: normal; margin: 15px;">...</div> is not clickable at point (866, 12). Other element would receive the click: <div style="width: 100%; display: flex; justify-content: flex-end;">...</div>
  (Session info: chrome=134.0.6998.89)
Build info: version: '4.29.0', revision: '5fc1ec94cb'
System info: os.name: 'Windows 10', os.arch: 'amd64', os.version: '10.0', java.version: '17.0.12'
Driver info: org.openqa.selenium.chrome.ChromeDriver
Command: [996b6f8319f17e3a44007d5dab76e552, clickElement {id=f.DC3E429FBFA1B873D1B8E9E94A5EFA4B.d.F6C1299EF3B9E471A60012B8DE527C4E.e.526}]
Capabilities {acceptInsecureCerts: false, browserName: chrome, browserVersion: 134.0.6998.89, chrome: {chromedriverVersion: 134.0.6998.88 (7e3d5c978c6d..., userDataDir: C:\Users\IPSL\AppData\Local...}, fedcm:accounts: true, goog:chromeOptions: {debuggerAddress: localhost:59545}, networkConnectionEnabled: false, pageLoadStrategy: normal, platformName: windows, proxy: Proxy(), se:cdp: ws://localhost:59545/devtoo..., se:cdpVersion: 134.0.6998.89, setWindowRect: true, strictFileInteractability: false, timeouts: {implicit: 0, pageLoad: 300000, script: 30000}, unhandledPromptBehavior: dismiss and notify, webauthn:extension:credBlob: true, webauthn:extension:largeBlob: true, webauthn:extension:minPinLength: true, webauthn:extension:prf: true, webauthn:virtualAuthenticators: true}
Element: [[ChromeDriver: chrome on windows (996b6f8319f17e3a44007d5dab76e552)] -> xpath: //div[normalize-space()="Interview Setup"]]
Session ID: 996b6f8319f17e3a44007d5dab76e552]]>
            </message>
            <full-stacktrace>
              <![CDATA[org.openqa.selenium.ElementClickInterceptedException: element click intercepted: Element <div style="font-size: 18px; line-height: 24px; font-style: normal; margin: 15px;">...</div> is not clickable at point (866, 12). Other element would receive the click: <div style="width: 100%; display: flex; justify-content: flex-end;">...</div>
  (Session info: chrome=134.0.6998.89)
Build info: version: '4.29.0', revision: '5fc1ec94cb'
System info: os.name: 'Windows 10', os.arch: 'amd64', os.version: '10.0', java.version: '17.0.12'
Driver info: org.openqa.selenium.chrome.ChromeDriver
Command: [996b6f8319f17e3a44007d5dab76e552, clickElement {id=f.DC3E429FBFA1B873D1B8E9E94A5EFA4B.d.F6C1299EF3B9E471A60012B8DE527C4E.e.526}]
Capabilities {acceptInsecureCerts: false, browserName: chrome, browserVersion: 134.0.6998.89, chrome: {chromedriverVersion: 134.0.6998.88 (7e3d5c978c6d..., userDataDir: C:\Users\IPSL\AppData\Local...}, fedcm:accounts: true, goog:chromeOptions: {debuggerAddress: localhost:59545}, networkConnectionEnabled: false, pageLoadStrategy: normal, platformName: windows, proxy: Proxy(), se:cdp: ws://localhost:59545/devtoo..., se:cdpVersion: 134.0.6998.89, setWindowRect: true, strictFileInteractability: false, timeouts: {implicit: 0, pageLoad: 300000, script: 30000}, unhandledPromptBehavior: dismiss and notify, webauthn:extension:credBlob: true, webauthn:extension:largeBlob: true, webauthn:extension:minPinLength: true, webauthn:extension:prf: true, webauthn:virtualAuthenticators: true}
Element: [[ChromeDriver: chrome on windows (996b6f8319f17e3a44007d5dab76e552)] -> xpath: //div[normalize-space()="Interview Setup"]]
Session ID: 996b6f8319f17e3a44007d5dab76e552
at java.base/jdk.internal.reflect.NativeConstructorAccessorImpl.newInstance0(Native Method)
at java.base/jdk.internal.reflect.NativeConstructorAccessorImpl.newInstance(NativeConstructorAccessorImpl.java:77)
at java.base/jdk.internal.reflect.DelegatingConstructorAccessorImpl.newInstance(DelegatingConstructorAccessorImpl.java:45)
at java.base/java.lang.reflect.Constructor.newInstanceWithCaller(Constructor.java:499)
at java.base/java.lang.reflect.Constructor.newInstance(Constructor.java:480)
at org.openqa.selenium.remote.ErrorCodec.decode(ErrorCodec.java:167)
at org.openqa.selenium.remote.codec.w3c.W3CHttpResponseCodec.decode(W3CHttpResponseCodec.java:138)
at org.openqa.selenium.remote.codec.w3c.W3CHttpResponseCodec.decode(W3CHttpResponseCodec.java:50)
at org.openqa.selenium.remote.HttpCommandExecutor.execute(HttpCommandExecutor.java:215)
at org.openqa.selenium.remote.service.DriverCommandExecutor.invokeExecute(DriverCommandExecutor.java:216)
at org.openqa.selenium.remote.service.DriverCommandExecutor.execute(DriverCommandExecutor.java:174)
at org.openqa.selenium.remote.RemoteWebDriver.execute(RemoteWebDriver.java:545)
at org.openqa.selenium.remote.RemoteWebElement.execute(RemoteWebElement.java:223)
at org.openqa.selenium.remote.RemoteWebElement.click(RemoteWebElement.java:76)
at jdk.internal.reflect.GeneratedMethodAccessor3.invoke(Unknown Source)
at java.base/jdk.internal.reflect.DelegatingMethodAccessorImpl.invoke(DelegatingMethodAccessorImpl.java:43)
at java.base/java.lang.reflect.Method.invoke(Method.java:568)
at org.openqa.selenium.support.pagefactory.internal.LocatingElementHandler.invoke(LocatingElementHandler.java:51)
at jdk.proxy2/jdk.proxy2.$Proxy29.click(Unknown Source)
at pageObject.Requirement_InterviewSetupPage.clkInterview_Setup(Requirement_InterviewSetupPage.java:54)
at testCases.TC006_InterviewSetup.verify_InterviewSetup(TC006_InterviewSetup.java:145)
at java.base/jdk.internal.reflect.NativeMethodAccessorImpl.invoke0(Native Method)
at java.base/jdk.internal.reflect.NativeMethodAccessorImpl.invoke(NativeMethodAccessorImpl.java:77)
at java.base/jdk.internal.reflect.DelegatingMethodAccessorImpl.invoke(DelegatingMethodAccessorImpl.java:43)
at java.base/java.lang.reflect.Method.invoke(Method.java:568)
at org.testng.internal.invokers.MethodInvocationHelper.invokeMethod(MethodInvocationHelper.java:141)
at org.testng.internal.invokers.TestInvoker.invokeMethod(TestInvoker.java:686)
at org.testng.internal.invokers.TestInvoker.invokeTestMethod(TestInvoker.java:230)
at org.testng.internal.invokers.MethodRunner.runInSequence(MethodRunner.java:63)
at org.testng.internal.invokers.TestInvoker$MethodInvocationAgent.invoke(TestInvoker.java:992)
at org.testng.internal.invokers.TestInvoker.invokeTestMethods(TestInvoker.java:203)
at org.testng.internal.invokers.TestMethodWorker.invokeTestMethods(TestMethodWorker.java:154)
at org.testng.internal.invokers.TestMethodWorker.run(TestMethodWorker.java:134)
at java.base/java.util.ArrayList.forEach(ArrayList.java:1511)
at org.testng.TestRunner.privateRun(TestRunner.java:739)
at org.testng.TestRunner.run(TestRunner.java:614)
at org.testng.SuiteRunner.runTest(SuiteRunner.java:421)
at org.testng.SuiteRunner.runSequentially(SuiteRunner.java:413)
at org.testng.SuiteRunner.privateRun(SuiteRunner.java:373)
at org.testng.SuiteRunner.run(SuiteRunner.java:312)
at org.testng.SuiteRunnerWorker.runSuite(SuiteRunnerWorker.java:52)
at org.testng.SuiteRunnerWorker.run(SuiteRunnerWorker.java:95)
at org.testng.TestNG.runSuitesSequentially(TestNG.java:1274)
at org.testng.TestNG.runSuitesLocally(TestNG.java:1208)
at org.testng.TestNG.runSuites(TestNG.java:1112)
at org.testng.TestNG.run(TestNG.java:1079)
at com.intellij.rt.testng.IDEARemoteTestNG.run(IDEARemoteTestNG.java:65)
at com.intellij.rt.testng.RemoteTestNGStarter.main(RemoteTestNGStarter.java:105)
]]>
            </full-stacktrace>
          </exception> <!-- org.openqa.selenium.ElementClickInterceptedException -->
          <reporter-output>
          </reporter-output>
        </test-method> <!-- verify_InterviewSetup -->
      </class> <!-- testCases.TC006_InterviewSetup -->
      <class name="testCases.TC003_GenerateJD">
        <test-method is-config="true" signature="setup(java.lang.String,java.lang.String)[pri:0, instance:testCases.TC003_GenerateJD@34a3d150]" started-at="2025-03-19T15:53:31 IST" name="setup" finished-at="2025-03-19T15:53:43 IST" duration-ms="11706" status="PASS">
          <params>
            <param index="0">
              <value>
                <![CDATA[Windows]]>
              </value>
            </param>
            <param index="1">
              <value>
                <![CDATA[chrome]]>
              </value>
            </param>
          </params>
          <reporter-output>
          </reporter-output>
        </test-method> <!-- setup -->
        <test-method signature="verify_Login()[pri:1, instance:testCases.TC003_GenerateJD@34a3d150]" started-at="2025-03-19T15:53:43 IST" name="verify_Login" finished-at="2025-03-19T15:53:44 IST" duration-ms="1006" status="PASS">
          <reporter-output>
          </reporter-output>
        </test-method> <!-- verify_Login -->
        <test-method signature="verify_RequisitionPage()[pri:2, instance:testCases.TC003_GenerateJD@34a3d150]" started-at="2025-03-19T15:53:44 IST" name="verify_RequisitionPage" finished-at="2025-03-19T15:53:47 IST" duration-ms="3126" status="PASS">
          <reporter-output>
          </reporter-output>
        </test-method> <!-- verify_RequisitionPage -->
        <test-method signature="verify_CreateRequisition()[pri:3, instance:testCases.TC003_GenerateJD@34a3d150]" started-at="2025-03-19T15:53:47 IST" name="verify_CreateRequisition" finished-at="2025-03-19T15:53:50 IST" duration-ms="3244" status="PASS">
          <reporter-output>
          </reporter-output>
        </test-method> <!-- verify_CreateRequisition -->
        <test-method signature="verify_RequirementDetails()[pri:4, instance:testCases.TC003_GenerateJD@34a3d150]" started-at="2025-03-19T15:53:50 IST" name="verify_RequirementDetails" finished-at="2025-03-19T15:54:12 IST" duration-ms="21676" status="PASS">
          <reporter-output>
          </reporter-output>
        </test-method> <!-- verify_RequirementDetails -->
        <test-method signature="verify_Pop_UP()[pri:5, instance:testCases.TC003_GenerateJD@34a3d150]" started-at="2025-03-19T15:54:12 IST" name="verify_Pop_UP" finished-at="2025-03-19T15:54:14 IST" duration-ms="1555" status="PASS">
          <reporter-output>
          </reporter-output>
        </test-method> <!-- verify_Pop_UP -->
        <test-method signature="verify_Recruitment()[pri:6, instance:testCases.TC003_GenerateJD@34a3d150]" started-at="2025-03-19T15:54:14 IST" name="verify_Recruitment" finished-at="2025-03-19T15:54:40 IST" duration-ms="26896" status="PASS">
          <reporter-output>
          </reporter-output>
        </test-method> <!-- verify_Recruitment -->
      </class> <!-- testCases.TC003_GenerateJD -->
      <class name="testCases.TC009_SendInviteAnd_InterviewLink">
        <test-method is-config="true" signature="setup(java.lang.String,java.lang.String)[pri:0, instance:testCases.TC009_SendInviteAnd_InterviewLink@30c15d8b]" started-at="2025-03-19T16:04:06 IST" name="setup" finished-at="2025-03-19T16:04:14 IST" duration-ms="7984" status="PASS">
          <params>
            <param index="0">
              <value>
                <![CDATA[Windows]]>
              </value>
            </param>
            <param index="1">
              <value>
                <![CDATA[chrome]]>
              </value>
            </param>
          </params>
          <reporter-output>
          </reporter-output>
        </test-method> <!-- setup -->
        <test-method signature="verify_Login()[pri:1, instance:testCases.TC009_SendInviteAnd_InterviewLink@30c15d8b]" started-at="2025-03-19T16:04:14 IST" name="verify_Login" finished-at="2025-03-19T16:04:17 IST" duration-ms="2624" status="PASS">
          <reporter-output>
          </reporter-output>
        </test-method> <!-- verify_Login -->
        <test-method signature="verify_RequisitionPage()[pri:2, instance:testCases.TC009_SendInviteAnd_InterviewLink@30c15d8b]" started-at="2025-03-19T16:04:17 IST" name="verify_RequisitionPage" finished-at="2025-03-19T16:04:20 IST" duration-ms="2726" status="PASS">
          <reporter-output>
          </reporter-output>
        </test-method> <!-- verify_RequisitionPage -->
        <test-method signature="verify_AddCandidate()[pri:8, instance:testCases.TC009_SendInviteAnd_InterviewLink@30c15d8b]" started-at="2025-03-19T16:04:20 IST" name="verify_AddCandidate" finished-at="2025-03-19T16:05:11 IST" duration-ms="51687" status="FAIL">
          <exception class="org.openqa.selenium.NoSuchElementException">
            <message>
              <![CDATA[no such element: Unable to locate element: {"method":"xpath","selector":"(//img[contains(@aria-controls,'customized-menu')])[2]"}
  (Session info: chrome=134.0.6998.89)
For documentation on this error, please visit: https://www.selenium.dev/documentation/webdriver/troubleshooting/errors#no-such-element-exception
Build info: version: '4.29.0', revision: '5fc1ec94cb'
System info: os.name: 'Windows 10', os.arch: 'amd64', os.version: '10.0', java.version: '17.0.12'
Driver info: org.openqa.selenium.chrome.ChromeDriver
Command: [5422803830ac353ac553b59de1b291dd, findElement {value=(//img[contains(@aria-controls,'customized-menu')])[2], using=xpath}]
Capabilities {acceptInsecureCerts: false, browserName: chrome, browserVersion: 134.0.6998.89, chrome: {chromedriverVersion: 134.0.6998.88 (7e3d5c978c6d..., userDataDir: C:\Users\IPSL\AppData\Local...}, fedcm:accounts: true, goog:chromeOptions: {debuggerAddress: localhost:60136}, networkConnectionEnabled: false, pageLoadStrategy: normal, platformName: windows, proxy: Proxy(), se:cdp: ws://localhost:60136/devtoo..., se:cdpVersion: 134.0.6998.89, setWindowRect: true, strictFileInteractability: false, timeouts: {implicit: 0, pageLoad: 300000, script: 30000}, unhandledPromptBehavior: dismiss and notify, webauthn:extension:credBlob: true, webauthn:extension:largeBlob: true, webauthn:extension:minPinLength: true, webauthn:extension:prf: true, webauthn:virtualAuthenticators: true}
Session ID: 5422803830ac353ac553b59de1b291dd]]>
            </message>
            <full-stacktrace>
              <![CDATA[org.openqa.selenium.NoSuchElementException: no such element: Unable to locate element: {"method":"xpath","selector":"(//img[contains(@aria-controls,'customized-menu')])[2]"}
  (Session info: chrome=134.0.6998.89)
For documentation on this error, please visit: https://www.selenium.dev/documentation/webdriver/troubleshooting/errors#no-such-element-exception
Build info: version: '4.29.0', revision: '5fc1ec94cb'
System info: os.name: 'Windows 10', os.arch: 'amd64', os.version: '10.0', java.version: '17.0.12'
Driver info: org.openqa.selenium.chrome.ChromeDriver
Command: [5422803830ac353ac553b59de1b291dd, findElement {value=(//img[contains(@aria-controls,'customized-menu')])[2], using=xpath}]
Capabilities {acceptInsecureCerts: false, browserName: chrome, browserVersion: 134.0.6998.89, chrome: {chromedriverVersion: 134.0.6998.88 (7e3d5c978c6d..., userDataDir: C:\Users\IPSL\AppData\Local...}, fedcm:accounts: true, goog:chromeOptions: {debuggerAddress: localhost:60136}, networkConnectionEnabled: false, pageLoadStrategy: normal, platformName: windows, proxy: Proxy(), se:cdp: ws://localhost:60136/devtoo..., se:cdpVersion: 134.0.6998.89, setWindowRect: true, strictFileInteractability: false, timeouts: {implicit: 0, pageLoad: 300000, script: 30000}, unhandledPromptBehavior: dismiss and notify, webauthn:extension:credBlob: true, webauthn:extension:largeBlob: true, webauthn:extension:minPinLength: true, webauthn:extension:prf: true, webauthn:virtualAuthenticators: true}
Session ID: 5422803830ac353ac553b59de1b291dd
at java.base/jdk.internal.reflect.NativeConstructorAccessorImpl.newInstance0(Native Method)
at java.base/jdk.internal.reflect.NativeConstructorAccessorImpl.newInstance(NativeConstructorAccessorImpl.java:77)
at java.base/jdk.internal.reflect.DelegatingConstructorAccessorImpl.newInstance(DelegatingConstructorAccessorImpl.java:45)
at java.base/java.lang.reflect.Constructor.newInstanceWithCaller(Constructor.java:499)
at java.base/java.lang.reflect.Constructor.newInstance(Constructor.java:480)
at org.openqa.selenium.remote.ErrorCodec.decode(ErrorCodec.java:167)
at org.openqa.selenium.remote.codec.w3c.W3CHttpResponseCodec.decode(W3CHttpResponseCodec.java:138)
at org.openqa.selenium.remote.codec.w3c.W3CHttpResponseCodec.decode(W3CHttpResponseCodec.java:50)
at org.openqa.selenium.remote.HttpCommandExecutor.execute(HttpCommandExecutor.java:215)
at org.openqa.selenium.remote.service.DriverCommandExecutor.invokeExecute(DriverCommandExecutor.java:216)
at org.openqa.selenium.remote.service.DriverCommandExecutor.execute(DriverCommandExecutor.java:174)
at org.openqa.selenium.remote.RemoteWebDriver.execute(RemoteWebDriver.java:545)
at org.openqa.selenium.remote.ElementLocation$ElementFinder$2.findElement(ElementLocation.java:165)
at org.openqa.selenium.remote.ElementLocation.findElement(ElementLocation.java:59)
at org.openqa.selenium.remote.RemoteWebDriver.findElement(RemoteWebDriver.java:368)
at org.openqa.selenium.remote.RemoteWebDriver.findElement(RemoteWebDriver.java:362)
at org.openqa.selenium.support.pagefactory.DefaultElementLocator.findElement(DefaultElementLocator.java:68)
at org.openqa.selenium.support.pagefactory.internal.LocatingElementHandler.invoke(LocatingElementHandler.java:38)
at jdk.proxy2/jdk.proxy2.$Proxy29.getWrappedElement(Unknown Source)
at org.openqa.selenium.remote.WebElementToJsonConverter.apply(WebElementToJsonConverter.java:48)
at java.base/java.util.stream.ReferencePipeline$3$1.accept(ReferencePipeline.java:197)
at java.base/java.util.Spliterators$ArraySpliterator.forEachRemaining(Spliterators.java:992)
at java.base/java.util.stream.AbstractPipeline.copyInto(AbstractPipeline.java:509)
at java.base/java.util.stream.AbstractPipeline.wrapAndCopyInto(AbstractPipeline.java:499)
at java.base/java.util.stream.ReduceOps$ReduceOp.evaluateSequential(ReduceOps.java:921)
at java.base/java.util.stream.AbstractPipeline.evaluate(AbstractPipeline.java:234)
at java.base/java.util.stream.ReferencePipeline.collect(ReferencePipeline.java:682)
at org.openqa.selenium.remote.RemoteWebDriver.executeScript(RemoteWebDriver.java:474)
at pageObject.Requirement_CandidatesPage.clkMenu(Requirement_CandidatesPage.java:786)
at testCases.TC009_SendInviteAnd_InterviewLink.verify_AddCandidate(TC009_SendInviteAnd_InterviewLink.java:38)
at java.base/jdk.internal.reflect.NativeMethodAccessorImpl.invoke0(Native Method)
at java.base/jdk.internal.reflect.NativeMethodAccessorImpl.invoke(NativeMethodAccessorImpl.java:77)
at java.base/jdk.internal.reflect.DelegatingMethodAccessorImpl.invoke(DelegatingMethodAccessorImpl.java:43)
at java.base/java.lang.reflect.Method.invoke(Method.java:568)
at org.testng.internal.invokers.MethodInvocationHelper.invokeMethod(MethodInvocationHelper.java:141)
at org.testng.internal.invokers.TestInvoker.invokeMethod(TestInvoker.java:686)
at org.testng.internal.invokers.TestInvoker.invokeTestMethod(TestInvoker.java:230)
at org.testng.internal.invokers.MethodRunner.runInSequence(MethodRunner.java:63)
at org.testng.internal.invokers.TestInvoker$MethodInvocationAgent.invoke(TestInvoker.java:992)
at org.testng.internal.invokers.TestInvoker.invokeTestMethods(TestInvoker.java:203)
at org.testng.internal.invokers.TestMethodWorker.invokeTestMethods(TestMethodWorker.java:154)
at org.testng.internal.invokers.TestMethodWorker.run(TestMethodWorker.java:134)
at java.base/java.util.ArrayList.forEach(ArrayList.java:1511)
at org.testng.TestRunner.privateRun(TestRunner.java:739)
at org.testng.TestRunner.run(TestRunner.java:614)
at org.testng.SuiteRunner.runTest(SuiteRunner.java:421)
at org.testng.SuiteRunner.runSequentially(SuiteRunner.java:413)
at org.testng.SuiteRunner.privateRun(SuiteRunner.java:373)
at org.testng.SuiteRunner.run(SuiteRunner.java:312)
at org.testng.SuiteRunnerWorker.runSuite(SuiteRunnerWorker.java:52)
at org.testng.SuiteRunnerWorker.run(SuiteRunnerWorker.java:95)
at org.testng.TestNG.runSuitesSequentially(TestNG.java:1274)
at org.testng.TestNG.runSuitesLocally(TestNG.java:1208)
at org.testng.TestNG.runSuites(TestNG.java:1112)
at org.testng.TestNG.run(TestNG.java:1079)
at com.intellij.rt.testng.IDEARemoteTestNG.run(IDEARemoteTestNG.java:65)
at com.intellij.rt.testng.RemoteTestNGStarter.main(RemoteTestNGStarter.java:105)
]]>
            </full-stacktrace>
          </exception> <!-- org.openqa.selenium.NoSuchElementException -->
          <reporter-output>
          </reporter-output>
        </test-method> <!-- verify_AddCandidate -->
      </class> <!-- testCases.TC009_SendInviteAnd_InterviewLink -->
      <class name="testCases.TC008_AddCandidate_AddBulk">
        <test-method is-config="true" signature="setup(java.lang.String,java.lang.String)[pri:0, instance:testCases.TC008_AddCandidate_AddBulk@515c6049]" started-at="2025-03-19T16:02:23 IST" name="setup" finished-at="2025-03-19T16:03:04 IST" duration-ms="40554" status="PASS">
          <params>
            <param index="0">
              <value>
                <![CDATA[Windows]]>
              </value>
            </param>
            <param index="1">
              <value>
                <![CDATA[chrome]]>
              </value>
            </param>
          </params>
          <reporter-output>
          </reporter-output>
        </test-method> <!-- setup -->
        <test-method signature="verify_Login()[pri:1, instance:testCases.TC008_AddCandidate_AddBulk@515c6049]" started-at="2025-03-19T16:03:04 IST" name="verify_Login" finished-at="2025-03-19T16:03:05 IST" duration-ms="1340" status="PASS">
          <reporter-output>
          </reporter-output>
        </test-method> <!-- verify_Login -->
        <test-method signature="verify_RequisitionPage()[pri:2, instance:testCases.TC008_AddCandidate_AddBulk@515c6049]" started-at="2025-03-19T16:03:05 IST" name="verify_RequisitionPage" finished-at="2025-03-19T16:03:07 IST" duration-ms="2028" status="PASS">
          <reporter-output>
          </reporter-output>
        </test-method> <!-- verify_RequisitionPage -->
        <test-method signature="verify_AddCandidate()[pri:8, instance:testCases.TC008_AddCandidate_AddBulk@515c6049]" started-at="2025-03-19T16:03:07 IST" name="verify_AddCandidate" finished-at="2025-03-19T16:04:06 IST" duration-ms="58843" status="PASS">
          <reporter-output>
          </reporter-output>
        </test-method> <!-- verify_AddCandidate -->
      </class> <!-- testCases.TC008_AddCandidate_AddBulk -->
      <class name="testCases.TC005_HiringTeam">
        <test-method is-config="true" signature="setup(java.lang.String,java.lang.String)[pri:0, instance:testCases.TC005_HiringTeam@47eaca72]" started-at="2025-03-19T15:56:17 IST" name="setup" finished-at="2025-03-19T15:56:28 IST" duration-ms="10692" status="PASS">
          <params>
            <param index="0">
              <value>
                <![CDATA[Windows]]>
              </value>
            </param>
            <param index="1">
              <value>
                <![CDATA[chrome]]>
              </value>
            </param>
          </params>
          <reporter-output>
          </reporter-output>
        </test-method> <!-- setup -->
        <test-method signature="verify_Login()[pri:1, instance:testCases.TC005_HiringTeam@47eaca72]" started-at="2025-03-19T15:56:28 IST" name="verify_Login" finished-at="2025-03-19T15:56:29 IST" duration-ms="1300" status="PASS">
          <reporter-output>
          </reporter-output>
        </test-method> <!-- verify_Login -->
        <test-method signature="verify_RequisitionPage()[pri:2, instance:testCases.TC005_HiringTeam@47eaca72]" started-at="2025-03-19T15:56:29 IST" name="verify_RequisitionPage" finished-at="2025-03-19T15:56:40 IST" duration-ms="10726" status="PASS">
          <reporter-output>
          </reporter-output>
        </test-method> <!-- verify_RequisitionPage -->
        <test-method signature="verify_CreateRequisition()[pri:3, instance:testCases.TC005_HiringTeam@47eaca72]" started-at="2025-03-19T15:56:40 IST" name="verify_CreateRequisition" finished-at="2025-03-19T15:56:43 IST" duration-ms="3380" status="PASS">
          <reporter-output>
          </reporter-output>
        </test-method> <!-- verify_CreateRequisition -->
        <test-method signature="verify_RequirementDetails()[pri:4, instance:testCases.TC005_HiringTeam@47eaca72]" started-at="2025-03-19T15:56:43 IST" name="verify_RequirementDetails" finished-at="2025-03-19T15:56:58 IST" duration-ms="14458" status="PASS">
          <reporter-output>
          </reporter-output>
        </test-method> <!-- verify_RequirementDetails -->
        <test-method signature="verify_Pop_UP()[pri:5, instance:testCases.TC005_HiringTeam@47eaca72]" started-at="2025-03-19T15:56:58 IST" name="verify_Pop_UP" finished-at="2025-03-19T15:56:59 IST" duration-ms="1527" status="PASS">
          <reporter-output>
          </reporter-output>
        </test-method> <!-- verify_Pop_UP -->
        <test-method signature="verify_Recruitment()[pri:6, instance:testCases.TC005_HiringTeam@47eaca72]" started-at="2025-03-19T15:56:59 IST" name="verify_Recruitment" finished-at="2025-03-19T15:57:21 IST" duration-ms="21877" status="PASS">
          <reporter-output>
          </reporter-output>
        </test-method> <!-- verify_Recruitment -->
        <test-method signature="verify_GenerateKeyword()[pri:7, instance:testCases.TC005_HiringTeam@47eaca72]" started-at="2025-03-19T15:57:21 IST" name="verify_GenerateKeyword" finished-at="2025-03-19T15:57:33 IST" duration-ms="11905" status="PASS">
          <reporter-output>
          </reporter-output>
        </test-method> <!-- verify_GenerateKeyword -->
        <test-method signature="verify_Hiring()[pri:8, instance:testCases.TC005_HiringTeam@47eaca72]" started-at="2025-03-19T15:57:33 IST" name="verify_Hiring" finished-at="2025-03-19T15:57:53 IST" duration-ms="20229" status="PASS">
          <reporter-output>
          </reporter-output>
        </test-method> <!-- verify_Hiring -->
      </class> <!-- testCases.TC005_HiringTeam -->
      <class name="testCases.TC002_CreateRequisition">
        <test-method is-config="true" signature="setup(java.lang.String,java.lang.String)[pri:0, instance:testCases.TC002_CreateRequisition@145f66e3]" started-at="2025-03-19T15:52:47 IST" name="setup" finished-at="2025-03-19T15:53:06 IST" duration-ms="19573" status="PASS">
          <params>
            <param index="0">
              <value>
                <![CDATA[Windows]]>
              </value>
            </param>
            <param index="1">
              <value>
                <![CDATA[chrome]]>
              </value>
            </param>
          </params>
          <reporter-output>
          </reporter-output>
        </test-method> <!-- setup -->
        <test-method signature="verify_Login()[pri:1, instance:testCases.TC002_CreateRequisition@145f66e3]" started-at="2025-03-19T15:53:06 IST" name="verify_Login" finished-at="2025-03-19T15:53:08 IST" duration-ms="1054" status="PASS">
          <reporter-output>
          </reporter-output>
        </test-method> <!-- verify_Login -->
        <test-method signature="verify_RequisitionPage()[pri:2, instance:testCases.TC002_CreateRequisition@145f66e3]" started-at="2025-03-19T15:53:08 IST" name="verify_RequisitionPage" finished-at="2025-03-19T15:53:12 IST" duration-ms="4354" status="PASS">
          <reporter-output>
          </reporter-output>
        </test-method> <!-- verify_RequisitionPage -->
        <test-method signature="verify_CreateRequisition()[pri:3, instance:testCases.TC002_CreateRequisition@145f66e3]" started-at="2025-03-19T15:53:12 IST" name="verify_CreateRequisition" finished-at="2025-03-19T15:53:15 IST" duration-ms="2930" status="PASS">
          <reporter-output>
          </reporter-output>
        </test-method> <!-- verify_CreateRequisition -->
        <test-method signature="verify_RequirementDetails()[pri:4, instance:testCases.TC002_CreateRequisition@145f66e3]" started-at="2025-03-19T15:53:15 IST" name="verify_RequirementDetails" finished-at="2025-03-19T15:53:30 IST" duration-ms="14841" status="PASS">
          <reporter-output>
          </reporter-output>
        </test-method> <!-- verify_RequirementDetails -->
        <test-method signature="verify_Pop_UP()[pri:5, instance:testCases.TC002_CreateRequisition@145f66e3]" started-at="2025-03-19T15:53:30 IST" name="verify_Pop_UP" finished-at="2025-03-19T15:53:31 IST" duration-ms="1563" status="PASS">
          <reporter-output>
          </reporter-output>
        </test-method> <!-- verify_Pop_UP -->
      </class> <!-- testCases.TC002_CreateRequisition -->
    </test> <!-- test -->
  </suite> <!-- All Test Suite -->
</testng-results>
